app/build/outputs/logs/manifest-merger-release-report.txt
-- Merging decision tree log ---
manifest
ADDED from AndroidManifest.xml:2:1
	xmlns:android
		ADDED from AndroidManifest.xml:2:11
	package
		ADDED from AndroidManifest.xml:3:5
		INJECTED from AndroidManifest.xml:0:0
		INJECTED from AndroidManifest.xml:0:0
	android:versionName
		ADDED from AndroidManifest.xml:5:9
	android:versionCode
		ADDED from AndroidManifest.xml:6:9
		INJECTED from AndroidManifest.xml:0:0
		INJECTED from AndroidManifest.xml:0:0
	android:installLocation
		ADDED from AndroidManifest.xml:4:3
uses-sdk
ADDED from AndroidManifest.xml:8:2
	android:targetSdkVersion
		ADDED from AndroidManifest.xml:10:9
		INJECTED from AndroidManifest.xml:0:0
		INJECTED from AndroidManifest.xml:0:0
	android:minSdkVersion
		ADDED from AndroidManifest.xml:9:9
		INJECTED from AndroidManifest.xml:0:0
		INJECTED from AndroidManifest.xml:0:0
application
ADDED from AndroidManifest.xml:13:2
	android:label
		ADDED from AndroidManifest.xml:15:9
	android:icon
		ADDED from AndroidManifest.xml:14:9
activity#de.sk.sudoku.gui.FolderListActivity
ADDED from AndroidManifest.xml:16:3
	android:label
		ADDED from AndroidManifest.xml:18:4
	android:theme
		ADDED from AndroidManifest.xml:19:13
	android:name
		ADDED from AndroidManifest.xml:17:13
intent-filter#android.intent.action.MAIN+android.intent.category.LAUNCHER
ADDED from AndroidManifest.xml:20:4
action#android.intent.action.MAIN
ADDED from AndroidManifest.xml:21:5
	android:name
		ADDED from AndroidManifest.xml:21:13
category#android.intent.category.LAUNCHER
ADDED from AndroidManifest.xml:22:5
	android:name
		ADDED from AndroidManifest.xml:22:15
activity#de.sk.sudoku.gui.SudokuListActivity
ADDED from AndroidManifest.xml:25:3
	android:label
		ADDED from AndroidManifest.xml:27:4
	android:theme
		ADDED from AndroidManifest.xml:28:13
	android:name
		ADDED from AndroidManifest.xml:26:13
activity#de.sk.sudoku.gui.SudokuEditActivity
ADDED from AndroidManifest.xml:30:3
	android:label
		ADDED from AndroidManifest.xml:32:7
	android:theme
		ADDED from AndroidManifest.xml:33:13
	android:name
		ADDED from AndroidManifest.xml:31:13
intent-filter#android.intent.action.EDIT+android.intent.action.INSERT+android.intent.category.DEFAULT
ADDED from AndroidManifest.xml:34:4
action#android.intent.action.INSERT
ADDED from AndroidManifest.xml:35:5
	android:name
		ADDED from AndroidManifest.xml:35:13
action#android.intent.action.EDIT
ADDED from AndroidManifest.xml:36:5
	android:name
		ADDED from AndroidManifest.xml:36:13
category#android.intent.category.DEFAULT
ADDED from AndroidManifest.xml:37:5
	android:name
		ADDED from AndroidManifest.xml:37:15
activity#de.sk.sudoku.gui.FileImportActivity
ADDED from AndroidManifest.xml:40:3
	android:label
		ADDED from AndroidManifest.xml:42:7
	android:theme
		ADDED from AndroidManifest.xml:43:4
	android:name
		ADDED from AndroidManifest.xml:41:13
intent-filter#android.intent.action.VIEW+android.intent.category.BROWSABLE+android.intent.category.DEFAULT
ADDED from AndroidManifest.xml:44:4
action#android.intent.action.VIEW
ADDED from AndroidManifest.xml:45:5
	android:name
		ADDED from AndroidManifest.xml:45:13
category#android.intent.category.BROWSABLE
ADDED from AndroidManifest.xml:47:5
	android:name
		ADDED from AndroidManifest.xml:47:15
data
ADDED from AndroidManifest.xml:48:5
	android:pathPattern
		ADDED from AndroidManifest.xml:48:50
	android:host
		ADDED from AndroidManifest.xml:48:33
	android:scheme
		ADDED from AndroidManifest.xml:48:11
activity#de.sk.sudoku.gui.ImportSudokuActivity
ADDED from AndroidManifest.xml:55:3
	android:theme
		ADDED from AndroidManifest.xml:57:13
	android:name
		ADDED from AndroidManifest.xml:56:13
activity#de.sk.sudoku.gui.SudokuImportActivity
ADDED from AndroidManifest.xml:64:3
	android:label
		ADDED from AndroidManifest.xml:66:4
	android:theme
		ADDED from AndroidManifest.xml:67:13
	android:name
		ADDED from AndroidManifest.xml:65:13
activity#de.sk.sudoku.gui.SudokuExportActivity
ADDED from AndroidManifest.xml:75:3
	android:label
		ADDED from AndroidManifest.xml:77:4
	android:name
		ADDED from AndroidManifest.xml:76:13
activity#de.sk.sudoku.gui.SudokuPlayActivity
ADDED from AndroidManifest.xml:79:3
	android:label
		ADDED from AndroidManifest.xml:81:4
	android:theme
		ADDED from AndroidManifest.xml:82:13
	android:name
		ADDED from AndroidManifest.xml:80:13
activity#de.sk.sudoku.gui.GameSettingsActivity
ADDED from AndroidManifest.xml:84:3
	android:label
		ADDED from AndroidManifest.xml:86:4
	android:theme
		ADDED from AndroidManifest.xml:87:13
	android:name
		ADDED from AndroidManifest.xml:85:13
activity#de.sk.sudoku.gui.FileListActivity
ADDED from AndroidManifest.xml:89:3
	android:label
		ADDED from AndroidManifest.xml:91:4
	android:theme
		ADDED from AndroidManifest.xml:92:13
	android:name
		ADDED from AndroidManifest.xml:90:13
uses-permission#android.permission.INTERNET
ADDED from AndroidManifest.xml:96:2
	android:name
		ADDED from AndroidManifest.xml:96:19
uses-permission#android.permission.WRITE_EXTERNAL_STORAGE
ADDED from AndroidManifest.xml:97:2
	android:name
		ADDED from AndroidManifest.xml:97:19